Jan 22 11:25 : update: added /Alan Walker _ Iselin Solheim - Faded.mp3
Jan 22 11:25 : update: added /Ayo97 _ 周思涵 - 感谢你曾来过.mp3
Jan 22 11:25 : update: added /Deep Side - Booty Music.mp3
Jan 22 11:25 : update: added /Delacey - Dream It Possible.mp3
Jan 22 11:25 : update: added /Escala - Palladio.mp3
Jan 22 11:25 : update: added /F4 - 流星雨.mp3
Jan 22 11:25 : update: added /F_I_R_飞儿乐团 - Lydia.mp3
Jan 22 11:25 : update: added /G_E_M_ 邓紫棋 - 你把我灌醉.mp3
Jan 22 11:25 : update: added /G_E_M_ 邓紫棋 - 喜欢你.mp3
Jan 22 11:25 : update: added /G_E_M_ 邓紫棋 - 多远都要在一起.mp3
Jan 22 11:25 : update: added /G_E_M_ 邓紫棋 - 泡沫.mp3
Jan 22 11:25 : update: added /G_E_M_ 邓紫棋 - 红蔷薇白玫瑰.mp3
Jan 22 11:25 : update: added /GALA - 追梦赤子心.mp3
Jan 22 11:25 : update: added /Kim Taylor - I Am You.mp3
Jan 22 11:25 : update: added /Ludovico Einaudi - Nuvole Bianche (白云 - 白云).mp3
Jan 22 11:25 : update: added /Olly Murs - That Girl.mp3
Jan 22 11:25 : update: added /One Direction - What Makes You Beautiful.mp3
Jan 22 11:25 : update: added /RAiNBOW计划 _ 林姝涵 - 分礼进行曲 (Live).mp3
Jan 22 11:25 : update: added /RAiNBOW计划 _ 雷雨心 - 记念.mp3
Jan 22 11:25 : update: added /Robynn & Kendy - 思念是一种病.mp3
Jan 22 11:25 : update: added /Tank - 三国恋.mp3
Jan 22 11:25 : update: added /Two Steps From Hell _ Thomas Bergersen - Star Sky.mp3
Jan 22 11:25 : update: added /Two Steps From Hell _ Thomas Bergersen - Victory.mp3
Jan 22 11:25 : update: added /Wiz Khalifa _ Charlie Puth - See You Again.mp3
Jan 22 11:25 : update: added /丁当 - 漂洋过海来看你.mp3
Jan 22 11:25 : update: added /不够 - 收敛.mp3
Jan 22 11:25 : update: added /买辣椒也用券 - 起风了.mp3
Jan 22 11:25 : update: added /五月天 - 人生海海.mp3
Jan 22 11:25 : update: added /五月天 - 倔强.mp3
Jan 22 11:25 : update: added /五月天 - 后来的我们.mp3
Jan 22 11:25 : update: added /五月天 - 孙悟空.mp3
Jan 22 11:25 : update: added /五月天 - 拥抱.mp3
Jan 22 11:25 : update: added /五月天 - 温柔.mp3
Jan 22 11:25 : update: added /五月天 - 爱情的模样.mp3
Jan 22 11:25 : update: added /五月天 - 盛夏光年.mp3
Jan 22 11:25 : update: added /五月天 - 知足.mp3
Jan 22 11:25 : update: added /五月天 _ 孙燕姿 - 温柔 #MaydayBlue20th.mp3
Jan 22 11:25 : update: added /任然 - 后继者.mp3
Jan 22 11:25 : update: added /任然 - 飞鸟和蝉.mp3
Jan 22 11:25 : update: added /何洁 - 小永远.mp3
Jan 22 11:25 : update: added /余枫 - 荣耀.mp3
Jan 22 11:25 : update: added /侯志斌 - 爱情废柴 (Live).mp3
Jan 22 11:25 : update: added /倪健 - 北方 (Demo).mp3
Jan 22 11:25 : update: added /光泽 - 空心.mp3
Jan 22 11:25 : update: added /光良 - 童话.mp3
Jan 22 11:25 : update: added /光良 _ 曹格 - 少年.mp3
Jan 22 11:25 : update: added /华晨宇 - 烟火里的尘埃.mp3
Jan 22 11:25 : update: added /可米小子 - 青春纪念册.mp3
Jan 22 11:25 : update: added /史蒂文·黄 - I'll Be Fine.mp3
Jan 22 11:25 : update: added /后弦 - 海口.mp3
Jan 22 11:25 : update: added /吴亦凡 - 时间煮雨.mp3
Jan 22 11:25 : update: added /周杰伦 - Mojito.mp3
Jan 22 11:25 : update: added /周杰伦 - 说好不哭（with 五月天阿信）.mp3
Jan 22 11:25 : update: added /周杰伦 _ 李硕 _ 达布希勒图 _ 张鑫 - 想你就写信 (Live).mp3
Jan 22 11:25 : update: added /周笔畅 - 最美的期待.mp3
Jan 22 11:25 : update: added /唐汉霄 - 让我留在你身边 (原唱作版).mp3
Jan 22 11:25 : update: added /夏天Alex - 不再联系.mp3
Jan 22 11:25 : update: added /孙子涵 - 巴黎夜雨.mp3
Jan 22 11:25 : update: added /孙子涵 - 毕业后你不是我的.mp3
Jan 22 11:25 : update: added /孙子涵 - 这孤独世界幸好有你.mp3
Jan 22 11:25 : update: added /孙子涵 _ 李潇潇 - 全世界宣布爱你.mp3
Jan 22 11:25 : update: added /安来宁 _ 房东的猫 - 下一站，茶山刘.mp3
Jan 22 11:25 : update: added /安来宁 _ 房东的猫 - 再见文汇路 (2017版).mp3
Jan 22 11:25 : update: added /安来宁 _ 房东的猫 - 难得 (合唱版).mp3
Jan 22 11:25 : update: added /小咪 - 即兴.mp3
Jan 22 11:25 : update: added /小咪 - 我走后.mp3
Jan 22 11:25 : update: added /小曲儿 - 上邪.mp3
Jan 22 11:25 : update: added /小贱（谭冰尧） - 多喜欢你.mp3
Jan 22 11:25 : update: added /尤长靖 _ 那吾克热-NW - 飘向北方 (Live).mp3
Jan 22 11:25 : update: added /岑宁儿 - 追光者.mp3
Jan 22 11:25 : update: added /张健雄 _ 心大俊 - 如果真爱.mp3
Jan 22 11:25 : update: added /张敬轩 - 只是太爱你.mp3
Jan 22 11:25 : update: added /张杰 - Lost In The Stars.mp3
Jan 22 11:25 : update: added /张杰 - My Sunshine.mp3
Jan 22 11:25 : update: added /张杰 - 他不懂.mp3
Jan 22 11:25 : update: added /张杰 - 仰望星空.mp3
Jan 22 11:25 : update: added /张杰 - 何必在一起.mp3
Jan 22 11:25 : update: added /张杰 - 剑心.mp3
Jan 22 11:25 : update: added /张杰 - 天下.mp3
Jan 22 11:25 : update: added /张杰 - 我们都一样.mp3
Jan 22 11:25 : update: added /张杰 - 最美的太阳.mp3
Jan 22 11:25 : update: added /张杰 _ 张碧晨 - 只要平凡.mp3
Jan 22 11:25 : update: added /张玉华 - 原谅 I.mp3
Jan 22 11:25 : update: added /张赫宣 - 我们不该这样的.mp3
Jan 22 11:25 : update: added /张震岳 - 再见.mp3
Jan 22 11:25 : update: added /张震岳 - 爱我别走.mp3
Jan 22 11:25 : update: added /张靓颖 - 终于等到你.mp3
Jan 22 11:25 : update: added /张靓颖 _ 张杰 - 燕归巢.mp3
Jan 22 11:25 : update: added /徐小清 _ 孙睦涵 - 我只在乎你 (Live).mp3
Jan 22 11:25 : update: added /徐秉龙 _ 沈以诚 - 白羊.mp3
Jan 22 11:25 : update: added /徐良 - 北京巷弄.mp3
Jan 22 11:25 : update: added /徐良 - 女骑士.mp3
Jan 22 11:25 : update: added /徐良 - 心跳时光.mp3
Jan 22 11:25 : update: added /徐良 _ 刘丹萌 - 抽离.mp3
Jan 22 11:25 : update: added /徐良 _ 吴昕 - 星座恋人.mp3
Jan 22 11:25 : update: added /徐良 _ 小凌 - 坏女孩.mp3
Jan 22 11:25 : update: added /徐良 _ 杨曦 - 他的猫.mp3
Jan 22 11:25 : update: added /徐良 _ 阿悄 - 犯贱.mp3
Jan 22 11:25 : update: added /戚薇 - 忘了去记得.mp3
Jan 22 11:25 : update: added /房东的猫 - 不知归期的故人.mp3
Jan 22 11:25 : update: added /房东的猫 - 云烟成雨.mp3
Jan 22 11:25 : update: added /房东的猫 - 你是我最愚蠢的一次浪漫.mp3
Jan 22 11:25 : update: added /房东的猫 - 八月十五.mp3
Jan 22 11:25 : update: added /房东的猫 - 如常.mp3
Jan 22 11:25 : update: added /房东的猫 - 往往.mp3
Jan 22 11:25 : update: added /房东的猫 - 所以来吧.mp3
Jan 22 11:25 : update: added /房东的猫 - 春风十里 (Live).mp3
Jan 22 11:25 : update: added /房东的猫 - 柔软.mp3
Jan 22 11:25 : update: added /房东的猫 - 爱你就像爱生命.mp3
Jan 22 11:25 : update: added /房东的猫 - 独一.mp3
Jan 22 11:25 : update: added /房东的猫 - 白.mp3
Jan 22 11:25 : update: added /房东的猫 - 秋酿.mp3
Jan 22 11:25 : update: added /房东的猫 - 等我们老了，就定居在重庆.mp3
Jan 22 11:25 : update: added /房东的猫 - 简情歌 (钢琴版).mp3
Jan 22 11:25 : update: added /房东的猫 - 美好事物（2017）.mp3
Jan 22 11:25 : update: added /房东的猫 - 蝴蝶之夏.mp3
Jan 22 11:25 : update: added /房东的猫 - 颠倒.mp3
Jan 22 11:25 : update: added /房东的猫 _ 梁晓雪 - 短叹.mp3
Jan 22 11:25 : update: added /房东的猫 _ 钟立风 - 远去的飞鸟.mp3
Jan 22 11:25 : update: added /新乐尘符 - 123我爱你.mp3
Jan 22 11:25 : update: added /方雅贤 - 遇到.mp3
Jan 22 11:25 : update: added /曲婉婷 - 没有什么不同.mp3
Jan 22 11:25 : update: added /曹格 - 背叛.mp3
Jan 22 11:25 : update: added /本兮 - 战放.mp3
Jan 22 11:25 : update: added /本兮 - 无语.mp3
Jan 22 11:25 : update: added /本兮 - 某个心跳.mp3
Jan 22 11:25 : update: added /本兮 - 海誓山盟亦会分开.mp3
Jan 22 11:25 : update: added /本兮 - 蓝色的海.mp3
Jan 22 11:25 : update: added /本兮 - 轻轻.mp3
Jan 22 11:25 : update: added /本兮 _ 单小源 - 你在看孤独的风景.mp3
Jan 22 11:25 : update: added /本兮 _ 小贱（谭冰尧） - 情人节的夜晚.mp3
Jan 22 11:25 : update: added /本兮 _ 徐良 - 创作者.mp3
Jan 22 11:25 : update: added /朴树 - 清白之年.mp3
Jan 22 11:25 : update: added /李佩玲 - 心有独钟 (Live).mp3
Jan 22 11:25 : update: added /李健 - 风吹麦浪.mp3
Jan 22 11:25 : update: added /李易峰 - 记得我爱你.mp3
Jan 22 11:25 : update: added /李易峰 - 请跟我联络.mp3
Jan 22 11:25 : update: added /李炜 - 剑魂.mp3
Jan 22 11:25 : update: added /GALA - Young For You.mp3
Jan 22 11:25 : update: added /TFBOYS - 宠爱.mp3
Jan 22 11:25 : update: added /TheFatRat - Monody.mp3
Jan 22 11:25 : update: added /五月天 - 我不愿 让你一个人.mp3
Jan 22 11:25 : update: added /五月天 - 洋葱.mp3
Jan 22 11:25 : update: added /华晨宇 - 山海.mp3
Jan 22 11:25 : update: added /叶炫清 - 风一样的我.mp3
Jan 22 11:25 : update: added /周传雄 - 蓝色土耳其.mp3
Jan 22 11:25 : update: added /周杰伦 - 七里香.mp3
Jan 22 11:25 : update: added /丁当 - 海的颜色.mp3
Jan 22 11:25 : update: added /周杰伦 - 不该 (with aMEI).mp3
Jan 22 11:25 : update: added /于文文 - 体面.mp3
Jan 22 11:25 : update: added /周杰伦 - 世界末日.mp3
Jan 22 11:25 : update: added /五月天 - 仓颉.mp3
Jan 22 11:25 : update: added /Ed Sheeran - Photograph.mp3
Jan 22 11:25 : update: added /丁芙妮,廖国钺 - 一起走.mp3
Jan 22 11:25 : update: added /RAiNBOW计划,林力尧 - 初恋旧爱新欢.mp3
Jan 22 11:25 : update: added /房东的猫 - 云烟成雨(1).mp3
Jan 22 11:25 : update: added /火羊瞌睡了 - 夏天的风.mp3
Jan 22 11:25 : update: added /房东的猫 - 帆船(Live).mp3
Jan 22 11:25 : update: added /TFBOYS - 不完美小孩.mp3
Jan 22 11:25 : update: added /TFBOYS - 样（YOUNG）.mp3
Jan 22 11:25 : update: added /五月天 - 干杯.mp3
Jan 22 11:25 : update: added /五月天 - 最重要的小事.mp3
Jan 22 11:25 : update: added /五月天 - 玫瑰少年.mp3
Jan 22 11:25 : update: added /叶炫清 - 九张机.mp3
Jan 22 11:25 : update: added /周传雄 - 关不上的窗.mp3
Jan 22 11:25 : update: added /周传雄 - 黄昏.mp3
Jan 22 11:25 : update: added /周杰伦 - 千里之外.mp3
Jan 22 11:25 : update: added /王力宏 - 一首简单的歌.mp3
Jan 22 11:25 : update: added /王力宏 - 爱一点.mp3
Jan 22 11:25 : update: added /飞儿乐团 - 我们的爱.mp3
Jan 22 11:25 : update: added /Darin - Be What You Wanna Be.mp3
Jan 22 11:25 : update: added /周杰伦 - 告白气球.mp3
Jan 22 11:25 : update: added /周杰伦 - 回到过去.mp3
Jan 22 11:25 : update: added /周杰伦 - 夜曲.mp3
Jan 22 11:25 : update: added /周杰伦 - 安静.mp3
Jan 22 11:25 : update: added /周杰伦 - 搁浅.mp3
Jan 22 11:25 : update: added /周杰伦 - 明明就.mp3
Jan 22 11:25 : update: added /周杰伦 - 星晴.mp3
Jan 22 11:25 : update: added /周杰伦 - 晴天.mp3
Jan 22 11:25 : update: added /周杰伦 - 最长的电影.mp3
Jan 22 11:25 : update: added /周杰伦 - 给我一首歌的时间.mp3
Jan 22 11:25 : update: added /周杰伦 - 轨迹.mp3
Jan 22 11:25 : update: added /周杰伦 - 龙卷风.mp3
Jan 22 11:25 : update: added /周笔畅 - 注定.mp3
Jan 22 11:25 : update: added /孙燕姿 - 我怀念的.mp3
Jan 22 11:25 : update: added /孙燕姿 - 遇见.mp3
Jan 22 11:25 : update: added /张敬轩 - 吻得太逼真.mp3
Jan 22 11:25 : update: added /张杰 - 三生三世.mp3
Jan 22 11:25 : update: added /张杰 - 听.mp3
Jan 22 11:25 : update: added /张杰 - 星辰.mp3
Jan 22 11:25 : update: added /张靓颖 - 只是没有如果.mp3
Jan 22 11:25 : update: added /张韶涵 - 看得最远的地方.mp3
Jan 22 11:25 : update: added /徐浩 - 你有没有想过.mp3
Jan 22 11:25 : update: added /方大同 - 三人游.mp3
Jan 22 11:25 : update: added /方大同 - 特别的人.mp3
Jan 22 11:25 : update: added /易烊千玺 - 你说.mp3
Jan 22 11:25 : update: added /曾沛慈 - 一个人想着一个人.mp3
Jan 22 11:25 : update: added /本兮 - 爱之光.mp3
Jan 22 11:25 : update: added /李宗盛 - 山丘.mp3
Jan 22 11:25 : update: added /李玖哲 - 想太多.mp3
Jan 22 11:25 : update: added /李行亮 - 愿得一人心.mp3
Jan 22 11:25 : update: added /杨千嬅 - 处处吻.mp3
Jan 22 11:25 : update: added /林俊杰 - Always Online.mp3
Jan 22 11:25 : update: added /林俊杰 - 一千年以后.mp3
Jan 22 11:25 : update: added /林俊杰 - 修炼爱情.mp3
Jan 22 11:25 : update: added /林俊杰 - 可惜没如果.mp3
Jan 22 11:25 : update: added /林俊杰 - 她说 (1).mp3
Jan 22 11:25 : update: added /林俊杰 - 她说.mp3
Jan 22 11:25 : update: added /林俊杰 - 学不会.mp3
Jan 22 11:25 : update: added /林俊杰 - 崇拜.mp3
Jan 22 11:25 : update: added /林俊杰 - 当你.mp3
Jan 22 11:25 : update: added /林俊杰 - 我们的爱.mp3
Jan 22 11:25 : update: added /林俊杰 - 我还想她.mp3
Jan 22 11:25 : update: added /林俊杰 - 手心的蔷薇.mp3
Jan 22 11:25 : update: added /林俊杰 - 江南.mp3
Jan 22 11:25 : update: added /林俊杰 - 爱要怎么说出口.mp3
Jan 22 11:25 : update: added /林俊杰 - 生生.mp3
Jan 22 11:25 : update: added /林俊杰 - 美人鱼.mp3
Jan 22 11:25 : update: added /林俊杰 - 背对背拥抱.mp3
Jan 22 11:25 : update: added /林俊杰 - 裂缝中的阳光.mp3
Jan 22 11:25 : update: added /林俊杰 - 那些你很冒险的梦.mp3
Jan 22 11:25 : update: added /林俊杰 - 醉赤壁.mp3
Jan 22 11:25 : update: added /林志炫 - 单身情歌.mp3
Jan 22 11:25 : update: added /梁博 - 你会成为你想的那个人.mp3
Jan 22 11:25 : update: added /梁博 - 出现又离开.mp3
Jan 22 11:25 : update: added /梁博 - 我不知道.mp3
Jan 22 11:25 : update: added /梁博 - 曾经是情侣.mp3
Jan 22 11:25 : update: added /梁博 - 表态.mp3
Jan 22 11:25 : update: added /梁博 - 黑夜中.mp3
Jan 22 11:25 : update: added /毛不易 - 像我这样的人.mp3
Jan 22 11:25 : update: added /毛不易 - 消愁.mp3
Jan 22 11:25 : update: added /汪峰 - 光明.mp3
Jan 22 11:25 : update: added /汪峰 - 存在.mp3
Jan 22 11:25 : update: added /汪峰 - 当我想你的时候.mp3
Jan 22 11:25 : update: added /汪苏泷 - 东京铁塔的幸福.mp3
Jan 22 11:25 : update: added /王俊凯 - 小棉袄.mp3
Jan 22 11:25 : update: added /王俊凯 - 摩天轮的思念.mp3
Jan 22 11:25 : update: added /王俊凯 - 树读.mp3
Jan 22 11:25 : update: added /王力宏 - 心跳.mp3
Jan 22 11:25 : update: added /王力宏 - 花田错.mp3
Jan 22 11:25 : update: added /飞儿乐团 - 月牙湾.mp3
Jan 22 11:31 : player: played "林俊杰 - 背对背拥抱.mp3"
Jan 22 11:34 : player: played "新乐尘符 - 123我爱你.mp3"
Jan 22 12:02 : player: played "张杰 - 听.mp3"
Jan 22 12:52 : player: played "戚薇 - 忘了去记得.mp3"
Jan 22 12:56 : player: played "张杰 _ 张碧晨 - 只要平凡.mp3"
Jan 22 13:00 : player: played "林俊杰 - 一千年以后.mp3"
Jan 22 13:04 : player: played "林俊杰 - 江南.mp3"
Jan 22 13:09 : player: played "李行亮 - 愿得一人心.mp3"
Jan 22 13:14 : player: played "房东的猫 - 帆船(Live).mp3"
Jan 22 13:19 : player: played "周杰伦 - 轨迹.mp3"
Jan 22 13:23 : player: played "小曲儿 - 上邪.mp3"
Jan 22 13:27 : player: played "G_E_M_ 邓紫棋 - 喜欢你.mp3"
Jan 22 13:31 : player: played "本兮 - 无语.mp3"
Jan 22 16:15 : player: played "华晨宇 - 山海.mp3"
Jan 22 16:19 : player: played "Ayo97 _ 周思涵 - 感谢你曾来过.mp3"
Jan 22 16:22 : player: played "徐秉龙 _ 沈以诚 - 白羊.mp3"
Jan 22 16:26 : player: played "林志炫 - 单身情歌.mp3"
Jan 22 16:30 : player: played "叶炫清 - 九张机.mp3"
Jan 22 16:35 : player: played "张靓颖 - 只是没有如果.mp3"
Jan 22 16:39 : player: played "五月天 - 人生海海.mp3"
Jan 22 16:44 : player: played "房东的猫 - 往往.mp3"
Jan 22 16:47 : player: played "Robynn & Kendy - 思念是一种病.mp3"
Jan 22 16:51 : player: played "汪苏泷 - 东京铁塔的幸福.mp3"
Jan 22 16:56 : player: played "Two Steps From Hell _ Thomas Bergersen - Victory.mp3"
Jan 22 17:00 : player: played "易烊千玺 - 你说.mp3"
Jan 22 17:04 : player: played "徐良 _ 阿悄 - 犯贱.mp3"
Jan 22 17:08 : player: played "光良 - 童话.mp3"
Jan 22 17:13 : player: played "后弦 - 海口.mp3"
Jan 22 17:17 : player: played "房东的猫 - 你是我最愚蠢的一次浪漫.mp3"
Jan 22 17:21 : player: played "张杰 - 最美的太阳.mp3"
Jan 22 17:25 : player: played "孙子涵 - 毕业后你不是我的.mp3"
Jan 22 17:30 : player: played "房东的猫 - 不知归期的故人.mp3"
Jan 22 17:34 : player: played "林俊杰 - 醉赤壁.mp3"
Jan 22 17:38 : player: played "房东的猫 _ 梁晓雪 - 短叹.mp3"
Jan 22 17:43 : player: played "本兮 - 海誓山盟亦会分开.mp3"
Jan 22 17:48 : player: played "林俊杰 - 修炼爱情.mp3"
Jan 22 17:53 : player: played "房东的猫 _ 钟立风 - 远去的飞鸟.mp3"
Jan 22 17:57 : player: played "周杰伦 - 不该 (with aMEI).mp3"
Jan 22 18:01 : player: played "岑宁儿 - 追光者.mp3"
Jan 22 18:06 : player: played "Ed Sheeran - Photograph.mp3"
Jan 22 18:10 : player: played "林俊杰 - 爱要怎么说出口.mp3"
Jan 22 18:14 : player: played "五月天 - 孙悟空.mp3"
Jan 22 18:18 : player: played "Tank - 三国恋.mp3"
Jan 22 18:22 : player: played "何洁 - 小永远.mp3"
Jan 22 18:25 : player: played "One Direction - What Makes You Beautiful.mp3"
Jan 22 18:30 : player: played "张杰 - 我们都一样.mp3"
Jan 22 18:37 : player: played "梁博 - 黑夜中.mp3"
Jan 22 18:42 : player: played "五月天 - 最重要的小事.mp3"
Jan 22 18:45 : player: played "Olly Murs - That Girl.mp3"
Jan 22 19:10 : player: played "周杰伦 - 世界末日.mp3"
Jan 22 19:17 : player: played "梁博 - 你会成为你想的那个人.mp3"
Jan 22 19:23 : player: played "汪峰 - 光明.mp3"
Jan 22 19:27 : player: played "五月天 - 温柔.mp3"
Jan 22 19:32 : player: played "周传雄 - 关不上的窗.mp3"
Jan 22 19:37 : player: played "买辣椒也用券 - 起风了.mp3"
Jan 22 19:42 : player: played "曲婉婷 - 没有什么不同.mp3"
Jan 22 19:46 : player: played "周杰伦 - 回到过去.mp3"
Jan 22 19:50 : player: played "房东的猫 - 简情歌 (钢琴版).mp3"
Jan 22 19:54 : player: played "小咪 - 即兴.mp3"
Jan 22 19:57 : player: played "Delacey - Dream It Possible.mp3"
Jan 22 20:02 : player: played "林俊杰 - 可惜没如果.mp3"
Jan 22 20:07 : player: played "侯志斌 - 爱情废柴 (Live).mp3"
Jan 22 20:12 : player: played "TFBOYS - 样（YOUNG）.mp3"
Jan 22 20:15 : player: played "林俊杰 - Always Online.mp3"
Jan 22 20:19 : player: played "王力宏 - 花田错.mp3"
Jan 22 20:23 : player: played "不够 - 收敛.mp3"
Jan 22 20:26 : player: played "徐小清 _ 孙睦涵 - 我只在乎你 (Live).mp3"
Jan 22 20:31 : player: played "林俊杰 - 她说.mp3"
Jan 22 20:34 : player: played "李玖哲 - 想太多.mp3"
Jan 22 20:38 : player: played "G_E_M_ 邓紫棋 - 多远都要在一起.mp3"
Jan 22 20:43 : player: played "于文文 - 体面.mp3"
Jan 22 20:49 : player: played "林俊杰 - 我们的爱.mp3"
Jan 22 20:53 : player: played "张杰 - 仰望星空.mp3"
Jan 22 20:57 : player: played "周杰伦 - 千里之外.mp3"
Jan 22 21:02 : player: played "周杰伦 - 七里香.mp3"
Jan 22 21:07 : player: played "史蒂文·黄 - I'll Be Fine.mp3"
Jan 22 21:11 : player: played "房东的猫 - 云烟成雨.mp3"
Jan 22 22:31 : player: played "曹格 - 背叛.mp3"
Jan 22 22:35 : player: played "张靓颖 _ 张杰 - 燕归巢.mp3"
Jan 22 22:39 : player: played "张杰 - 剑心.mp3"
Jan 22 22:43 : player: played "孙子涵 - 这孤独世界幸好有你.mp3"
Jan 22 22:49 : player: played "周杰伦 - 安静.mp3"
Jan 22 22:53 : player: played "倪健 - 北方 (Demo).mp3"
Jan 23 00:57 : player: played "火羊瞌睡了 - 夏天的风.mp3"
Jan 23 11:05 : player: played "火羊瞌睡了 - 夏天的风.mp3"
Jan 23 11:09 : player: played "本兮 - 海誓山盟亦会分开.mp3"
Jan 23 11:15 : player: played "五月天 - 干杯.mp3"
Jan 23 11:19 : player: played "张玉华 - 原谅 I.mp3"
Jan 23 11:23 : player: played "房东的猫 - 秋酿.mp3"
Jan 23 11:27 : player: played "汪峰 - 当我想你的时候.mp3"
Jan 23 11:30 : player: played "徐秉龙 _ 沈以诚 - 白羊.mp3"
Jan 23 11:33 : player: played "Delacey - Dream It Possible.mp3"
Jan 23 11:37 : player: played "五月天 - 知足.mp3"
Jan 23 11:42 : player: played "林俊杰 - 醉赤壁.mp3"
Jan 23 11:47 : player: played "房东的猫 - 春风十里 (Live).mp3"
Jan 23 11:50 : player: played "孙燕姿 - 遇见.mp3"
Jan 23 11:55 : player: played "五月天 - 温柔.mp3"
Jan 23 11:59 : player: played "RAiNBOW计划 _ 林姝涵 - 分礼进行曲 (Live).mp3"
Jan 23 12:03 : player: played "余枫 - 荣耀.mp3"
Jan 23 12:07 : player: played "TFBOYS - 样（YOUNG）.mp3"
Jan 23 12:11 : player: played "史蒂文·黄 - I'll Be Fine.mp3"
Jan 23 12:16 : player: played "张杰 - 听.mp3"
Jan 23 12:23 : player: played "梁博 - 黑夜中.mp3"
Jan 23 12:26 : player: played "本兮 - 战放.mp3"
Jan 23 12:30 : player: played "房东的猫 - 云烟成雨(1).mp3"
Jan 23 12:34 : player: played "Tank - 三国恋.mp3"
Jan 23 12:40 : player: played "梁博 - 我不知道.mp3"
Jan 23 12:44 : player: played "徐良 _ 吴昕 - 星座恋人.mp3"
Jan 23 12:48 : player: played "王俊凯 - 摩天轮的思念.mp3"
Jan 23 12:53 : player: played "朴树 - 清白之年.mp3"
Jan 23 13:04 : player: played "侯志斌 - 爱情废柴 (Live).mp3"
Jan 23 13:08 : player: played "房东的猫 - 云烟成雨.mp3"
Jan 23 13:12 : player: played "周杰伦 - 星晴.mp3"
Jan 23 13:16 : player: played "周杰伦 - 夜曲.mp3"
Jan 23 13:21 : player: played "房东的猫 - 爱你就像爱生命.mp3"
Jan 23 13:24 : player: played "本兮 _ 小贱（谭冰尧） - 情人节的夜晚.mp3"
Jan 23 13:28 : player: played "易烊千玺 - 你说.mp3"
Jan 23 13:32 : player: played "本兮 - 某个心跳.mp3"
Jan 23 13:36 : player: played "林俊杰 - 那些你很冒险的梦.mp3"
